c:\dev\c++ primer plus\chapter 16\debug\vc141.pdb
c:\dev\c++ primer plus\chapter 16\debug\vc141.idb
c:\dev\c++ primer plus\chapter 16\debug\valvect.obj
c:\dev\c++ primer plus\chapter 16\debug\valice.obj
c:\dev\c++ primer plus\chapter 16\debug\usealgo.obj
c:\dev\c++ primer plus\chapter 16\debug\strgst1.obj
c:\dev\c++ primer plus\chapter 16\debug\funadap.obj
c:\dev\c++ primer plus\chapter 16\debug\multmap.obj
c:\dev\c++ primer plus\chapter 16\debug\functor.obj
c:\dev\c++ primer plus\chapter 16\debug\setops.obj
c:\dev\c++ primer plus\chapter 16\debug\listrmv.obj
c:\dev\c++ primer plus\chapter 16\debug\list.obj
c:\dev\c++ primer plus\chapter 16\debug\inserts.obj
c:\dev\c++ primer plus\chapter 16\debug\ilist.obj
c:\dev\c++ primer plus\chapter 16\debug\copyit.obj
c:\dev\c++ primer plus\debug\chapter 16.exe
c:\dev\c++ primer plus\debug\chapter 16.ilk
c:\dev\c++ primer plus\debug\chapter 16.pdb
c:\dev\c++ primer plus\chapter 16\debug\chapter 16.tlog\cl.command.1.tlog
c:\dev\c++ primer plus\chapter 16\debug\chapter 16.tlog\cl.read.1.tlog
c:\dev\c++ primer plus\chapter 16\debug\chapter 16.tlog\cl.write.1.tlog
c:\dev\c++ primer plus\chapter 16\debug\chapter 16.tlog\link.command.1.tlog
c:\dev\c++ primer plus\chapter 16\debug\chapter 16.tlog\link.read.1.tlog
c:\dev\c++ primer plus\chapter 16\debug\chapter 16.tlog\link.write.1.tlog
